#
# A fatal error has been detected by the Java Runtime Environment:
#
#  EXCEPTION_ACCESS_VIOLATION (0xc0000005) at pc=0x0000000070187675, pid=10564, tid=8868
#
# JRE version: Java(TM) SE Runtime Environment (8.0_11-b12) (build 1.8.0_11-b12)
# Java VM: Java HotSpot(TM) 64-Bit Server VM (25.11-b03 mixed mode windows-amd64 compressed oops)
# Problematic frame:
# V  [jvm.dll+0x117675]
#
# Failed to write core dump. Minidumps are not enabled by default on client versions of Windows
#
# If you would like to submit a bug report, please visit:
#   http://bugreport.sun.com/bugreport/crash.jsp
#

---------------  T H R E A D  ---------------

Current thread (0x00000000073ec000):  JavaThread "JDWP Transport Listener: dt_socket" daemon [_thread_in_vm, id=8868, stack(0x0000000009770000,0x0000000009870000)]

siginfo: ExceptionCode=0xc0000005, reading address 0x00000000000000aa

Registers:
RAX=0x000000000986f301, RBX=0x00000000073ec000, RCX=0x00000000000000aa, RDX=0x0000000000000000
RSP=0x000000000986f330, RBP=0x00000000000000aa, RSI=0x000000000986f448, RDI=0x0000000000189170
R8 =0x00000000073ec000, R9 =0x00000c5000b4001f, R10=0x0000000000000000, R11=0x0000000007395e1f
R12=0x0000000000000000, R13=0x0000000008ac98a8, R14=0x0000000000000000, R15=0x0000000000000000
RIP=0x0000000070187675, EFLAGS=0x0000000000010206

Top of Stack: (sp=0x000000000986f330)
0x000000000986f330:   00000000073ec000 00000000073ec000
0x000000000986f340:   000000000986f3f8 000000007037a12b
0x000000000986f350:   00000000073ec000 000000007039698d
0x000000000986f360:   0000000000000000 0000000052aa9149
0x000000000986f370:   0000000007389960 0000000052ab2912
0x000000000986f380:   00000000073ec000 0000000000000000
0x000000000986f390:   0000000000000000 0000000000000000
0x000000000986f3a0:   00000000000000aa 0000000052ab1a09
0x000000000986f3b0:   000000000986f448 000000000986f420
0x000000000986f3c0:   0000000000000001 0000000007389960
0x000000000986f3d0:   00000000000000aa 0000000052a953b3
0x000000000986f3e0:   000000000986f510 0000000000000001
0x000000000986f3f0:   0000000000000001 0000000007389960
0x000000000986f400:   0000000000000009 0000000000000000
0x000000000986f410:   0000000000000000 0000000000000000
0x000000000986f420:   0000000000000001 0000000052a95571 

Instructions: (pc=0x0000000070187675)
0x0000000070187655:   cc cc cc cc cc cc cc cc cc cc cc 48 83 ec 28 48
0x0000000070187665:   85 c9 75 07 33 c0 48 83 c4 28 c3 48 89 5c 24 20
0x0000000070187675:   48 8b 19 48 85 db 74 20 48 83 fb 37 74 1a 48 8b
0x0000000070187685:   13 48 8b cb ff 52 08 84 c0 74 0d 48 8b c3 48 8b 


Register to memory mapping:

RAX=0x000000000986f301 is pointing into the stack for thread: 0x00000000073ec000
RBX=0x00000000073ec000 is a thread
RCX=0x00000000000000aa is an unknown value
RDX=0x0000000000000000 is an unknown value
RSP=0x000000000986f330 is pointing into the stack for thread: 0x00000000073ec000
RBP=0x00000000000000aa is an unknown value
RSI=0x000000000986f448 is pointing into the stack for thread: 0x00000000073ec000
RDI=0x0000000000189170 is an unknown value
R8 =0x00000000073ec000 is a thread
R9 =0x00000c5000b4001f is an unknown value
R10=0x0000000000000000 is an unknown value
R11=0x0000000007395e1f is an unknown value
R12=0x0000000000000000 is an unknown value
R13=0x0000000008ac98a8 is an unknown value
R14=0x0000000000000000 is an unknown value
R15=0x0000000000000000 is an unknown value


Stack: [0x0000000009770000,0x0000000009870000],  sp=0x000000000986f330,  free space=1020k
Native frames: (J=compiled Java code, j=interpreted, Vv=VM code, C=native code)
V  [jvm.dll+0x117675]
V  [jvm.dll+0x32698d]
C  [jdwp.dll+0x21a09]
C  [jdwp.dll+0x53b3]
C  [jdwp.dll+0x5571]
C  [jdwp.dll+0xf09c]
C  [jdwp.dll+0x1f2c9]
C  [jdwp.dll+0x1f49e]
V  [jvm.dll+0x1a73a8]
V  [jvm.dll+0x2234b4]
V  [jvm.dll+0x27bcca]
C  [msvcr100.dll+0x21d9f]
C  [msvcr100.dll+0x21e3b]
C  [kernel32.dll+0x159ed]
C  [ntdll.dll+0x2c541]


---------------  P R O C E S S  ---------------

Java Threads: ( => current thread )
  0x0000000008b50800 JavaThread "Service Thread" daemon [_thread_blocked, id=8560, stack(0x000000000a030000,0x000000000a130000)]
  0x0000000008ae5000 JavaThread "C1 CompilerThread2" daemon [_thread_blocked, id=11536, stack(0x0000000009f00000,0x000000000a000000)]
  0x0000000008ae3800 JavaThread "C2 CompilerThread1" daemon [_thread_blocked, id=3880, stack(0x0000000009d80000,0x0000000009e80000)]
  0x0000000008adf800 JavaThread "C2 CompilerThread0" daemon [_thread_blocked, id=10192, stack(0x0000000009b80000,0x0000000009c80000)]
  0x0000000008ad2800 JavaThread "JDWP Command Reader" daemon [_thread_in_native, id=10936, stack(0x00000000099e0000,0x0000000009ae0000)]
  0x0000000008acf800 JavaThread "JDWP Event Helper Thread" daemon [_thread_blocked, id=11300, stack(0x0000000009880000,0x0000000009980000)]
=>0x00000000073ec000 JavaThread "JDWP Transport Listener: dt_socket" daemon [_thread_in_vm, id=8868, stack(0x0000000009770000,0x0000000009870000)]
  0x00000000073e5800 JavaThread "Attach Listener" daemon [_thread_blocked, id=10660, stack(0x00000000089c0000,0x0000000008ac0000)]
  0x00000000073e2800 JavaThread "Signal Dispatcher" daemon [_thread_blocked, id=12004, stack(0x0000000008770000,0x0000000008870000)]
  0x000000000737e000 JavaThread "Finalizer" daemon [_thread_blocked, id=11116, stack(0x0000000008640000,0x0000000008740000)]
  0x000000000737a800 JavaThread "Reference Handler" daemon [_thread_blocked, id=11404, stack(0x0000000008300000,0x0000000008400000)]
  0x000000000018f800 JavaThread "main" [_thread_blocked, id=11044, stack(0x0000000002380000,0x0000000002480000)]

Other Threads:
  0x0000000007376800 VMThread [stack: 0x0000000008470000,0x0000000008570000] [id=12060]
  0x0000000008b72800 WatcherThread [stack: 0x0000000009670000,0x0000000009770000] [id=10304]

VM state:not at safepoint (normal execution)

VM Mutex/Monitor currently owned by a thread: None

Heap:
 PSYoungGen      total 1024K, used 660K [0x00000000e0700000, 0x00000000e0880000, 0x0000000100000000)
  eden space 512K, 41% used [0x00000000e0700000,0x00000000e0735280,0x00000000e0780000)
  from space 512K, 87% used [0x00000000e0780000,0x00000000e07f0020,0x00000000e0800000)
  to   space 512K, 0% used [0x00000000e0800000,0x00000000e0800000,0x00000000e0880000)
 ParOldGen       total 96768K, used 8K [0x00000000a1400000, 0x00000000a7280000, 0x00000000e0700000)
  object space 96768K, 0% used [0x00000000a1400000,0x00000000a1402000,0x00000000a7280000)
 Metaspace       used 3169K, capacity 4562K, committed 4864K, reserved 1056768K
  class space    used 369K, capacity 386K, committed 512K, reserved 1048576K

Card table byte_map: [0x0000000002bd0000,0x0000000002ed0000] byte_map_base: 0x00000000026c6000

Marking Bits: (ParMarkBitMap*) 0x00000000708212b0
 Begin Bits: [0x0000000003790000, 0x0000000004f40000)
 End Bits:   [0x0000000004f40000, 0x00000000066f0000)

Polling page: 0x0000000000120000

CodeCache: size=245760Kb used=1164Kb max_used=1164Kb free=244595Kb
 bounds [0x000000000f010000, 0x000000000f280000, 0x000000001e010000]
 total_blobs=278 nmethods=52 adapters=148
 compilation: enabled

Compilation events (10 events):
Event: 0.331 Thread 0x0000000008ae5000   48       3       java.lang.String::startsWith (72 bytes)
Event: 0.332 Thread 0x0000000008ae5000 nmethod 48 0x000000000f131950 code [0x000000000f131ac0, 0x000000000f131df0]
Event: 0.332 Thread 0x0000000008ae5000   49       3       java.lang.StringBuilder::append (8 bytes)
Event: 0.332 Thread 0x0000000008ae5000 nmethod 49 0x000000000f131fd0 code [0x000000000f132140, 0x000000000f1322e8]
Event: 0.332 Thread 0x0000000008ae5000   51       3       java.lang.String::startsWith (7 bytes)
Event: 0.332 Thread 0x0000000008ae5000 nmethod 51 0x000000000f132390 code [0x000000000f132500, 0x000000000f132728]
Event: 0.332 Thread 0x0000000008ae5000   50       1       java.util.ArrayList::size (5 bytes)
Event: 0.333 Thread 0x0000000008ae5000 nmethod 50 0x000000000f123a50 code [0x000000000f123ba0, 0x000000000f123cb0]
Event: 0.335 Thread 0x0000000008ae5000   52       1       java.nio.Buffer::position (5 bytes)
Event: 0.335 Thread 0x0000000008ae5000 nmethod 52 0x000000000f133450 code [0x000000000f1335a0, 0x000000000f1336b0]

GC Heap History (2 events):
Event: 0.310 GC heap before
{Heap before GC invocations=1 (full 0):
 PSYoungGen      total 1024K, used 509K [0x00000000e0700000, 0x00000000e0880000, 0x0000000100000000)
  eden space 512K, 99% used [0x00000000e0700000,0x00000000e077f5a0,0x00000000e0780000)
  from space 512K, 0% used [0x00000000e0800000,0x00000000e0800000,0x00000000e0880000)
  to   space 512K, 0% used [0x00000000e0780000,0x00000000e0780000,0x00000000e0800000)
 ParOldGen       total 96768K, used 0K [0x00000000a1400000, 0x00000000a7280000, 0x00000000e0700000)
  object space 96768K, 0% used [0x00000000a1400000,0x00000000a1400000,0x00000000a7280000)
 Metaspace       used 2759K, capacity 4490K, committed 4864K, reserved 1056768K
  class space    used 317K, capacity 386K, committed 512K, reserved 1048576K
Event: 0.311 GC heap after
Heap after GC invocations=1 (full 0):
 PSYoungGen      total 1024K, used 448K [0x00000000e0700000, 0x00000000e0880000, 0x0000000100000000)
  eden space 512K, 0% used [0x00000000e0700000,0x00000000e0700000,0x00000000e0780000)
  from space 512K, 87% used [0x00000000e0780000,0x00000000e07f0020,0x00000000e0800000)
  to   space 512K, 0% used [0x00000000e0800000,0x00000000e0800000,0x00000000e0880000)
 ParOldGen       total 96768K, used 8K [0x00000000a1400000, 0x00000000a7280000, 0x00000000e0700000)
  object space 96768K, 0% used [0x00000000a1400000,0x00000000a1402000,0x00000000a7280000)
 Metaspace       used 2759K, capacity 4490K, committed 4864K, reserved 1056768K
  class space    used 317K, capacity 386K, committed 512K, reserved 1048576K
}

Deoptimization events (0 events):
No events

Internal exceptions (9 events):
Event: 0.102 Thread 0x000000000018f800 Exception <a 'java/lang/NoSuchMethodError': Method sun.misc.Unsafe.defineClass(Ljava/lang/String;[BII)Ljava/lang/Class; name or signature does not match> (0x00000000e070f630) thrown at [C:\re\workspace\8-2-build-windows-amd64-cygwin\jdk8u11\648\hotspot\src‡%h
º?
Event: 0.102 Thread 0x000000000018f800 Exception <a 'java/lang/NoSuchMethodError': Method sun.misc.Unsafe.prefetchRead(Ljava/lang/Object;J)V name or signature does not match> (0x00000000e070f940) thrown at [C:\re\workspace\8-2-build-windows-amd64-cygwin\jdk8u11\648\hotspot\src\share\vm\prims\jnY],Šë±Ð?
Event: 0.261 Thread 0x000000000018f800 Exception <a 'java/security/PrivilegedActionException'> (0x00000000e0765808) thrown at [C:\re\workspace\8-2-build-windows-amd64-cygwin\jdk8u11\648\hotspot\src\share\vm\prims\jvm.cpp, line 1248]
Event: 0.316 Thread 0x000000000018f800 Exception <a 'java/security/PrivilegedActionException'> (0x00000000e0714758) thrown at [C:\re\workspace\8-2-build-windows-amd64-cygwin\jdk8u11\648\hotspot\src\share\vm\prims\jvm.cpp, line 1248]
Event: 0.316 Thread 0x000000000018f800 Exception <a 'java/security/PrivilegedActionException'> (0x00000000e0714aa0) thrown at [C:\re\workspace\8-2-build-windows-amd64-cygwin\jdk8u11\648\hotspot\src\share\vm\prims\jvm.cpp, line 1248]
Event: 0.317 Thread 0x000000000018f800 Exception <a 'java/security/PrivilegedActionException'> (0x00000000e0718300) thrown at [C:\re\workspace\8-2-build-windows-amd64-cygwin\jdk8u11\648\hotspot\src\share\vm\prims\jvm.cpp, line 1248]
Event: 0.317 Thread 0x000000000018f800 Exception <a 'java/security/PrivilegedActionException'> (0x00000000e0718648) thrown at [C:\re\workspace\8-2-build-windows-amd64-cygwin\jdk8u11\648\hotspot\src\share\vm\prims\jvm.cpp, line 1248]
Event: 0.332 Thread 0x000000000018f800 Exception <a 'java/security/PrivilegedActionException'> (0x00000000e072e2b0) thrown at [C:\re\workspace\8-2-build-windows-amd64-cygwin\jdk8u11\648\hotspot\src\share\vm\prims\jvm.cpp, line 1248]
Event: 0.332 Thread 0x000000000018f800 Exception <a 'java/security/PrivilegedActionException'> (0x00000000e072f3a0) thrown at [C:\re\workspace\8-2-build-windows-amd64-cygwin\jdk8u11\648\hotspot\src\share\vm\prims\jvm.cpp, line 1248]

Events (10 events):
Event: 1454.085 Executing VM operation: GetCurrentLocation
Event: 1454.085 Executing VM operation: GetCurrentLocation done
Event: 1454.090 Executing VM operation: EnterInterpOnlyMode
Event: 1454.090 Executing VM operation: EnterInterpOnlyMode done
Event: 1454.090 Executing VM operation: ChangeSingleStep
Event: 1454.090 Executing VM operation: ChangeSingleStep done
Event: 1454.090 Executing VM operation: ChangeSingleStep
Event: 1454.090 Executing VM operation: ChangeSingleStep done
Event: 1454.103 Executing VM operation: RedefineClasses
Event: 1454.103 Executing VM operation: RedefineClasses done


Dynamic libraries:
0x000000013f230000 - 0x000000013f264000 	C:\Program Files\Java\jre8\bin\javaw.exe
0x0000000077830000 - 0x00000000779d9000 	C:\Windows\SYSTEM32\ntdll.dll
0x0000000077610000 - 0x000000007772f000 	C:\Windows\system32\kernel32.dll
0x000007fefd7e0000 - 0x000007fefd84c000 	C:\Windows\system32\KERNELBASE.dll
0x000007fefeb90000 - 0x000007fefec6b000 	C:\Windows\system32\ADVAPI32.dll
0x000007feff2f0000 - 0x000007feff38f000 	C:\Windows\system32\msvcrt.dll
0x000007feffb20000 - 0x000007feffb3f000 	C:\Windows\SYSTEM32\sechost.dll
0x000007feff4a0000 - 0x000007feff5cd000 	C:\Windows\system32\RPCRT4.dll
0x0000000077730000 - 0x000000007782a000 	C:\Windows\system32\USER32.dll
0x000007feff780000 - 0x000007feff7e7000 	C:\Windows\system32\GDI32.dll
0x000007fefeb80000 - 0x000007fefeb8e000 	C:\Windows\system32\LPK.dll
0x000007feff7f0000 - 0x000007feff8b9000 	C:\Windows\system32\USP10.dll
0x000007fefc270000 - 0x000007fefc464000 	C:\Windows\WinSxS\amd64_microsoft.windows.common-controls_6595b64144ccf1df_6.0.7601.17514_none_fa396087175ac9ac\COMCTL32.dll
0x000007feff8c0000 - 0x000007feff931000 	C:\Windows\system32\SHLWAPI.dll
0x000007fefeee0000 - 0x000007fefef0e000 	C:\Windows\system32\IMM32.DLL
0x000007feff390000 - 0x000007feff499000 	C:\Windows\system32\MSCTF.dll
0x000007fefd6f0000 - 0x000007fefd730000 	C:\Windows\system32\nvinitx.dll
0x000000000f000000 - 0x000000000f006000 	C:\Program Files\NVIDIA Corporation\CoProcManager\_etoured.dll
0x000007fefae90000 - 0x000007fefaee4000 	C:\Program Files\NVIDIA Corporation\CoProcManager\nvd3d9wrapx.dll
0x000007feff940000 - 0x000007feffb17000 	C:\Windows\system32\SETUPAPI.dll
0x000007fefda60000 - 0x000007fefda96000 	C:\Windows\system32\CFGMGR32.dll
0x000007fefefb0000 - 0x000007feff087000 	C:\Windows\system32\OLEAUT32.dll
0x000007feff090000 - 0x000007feff293000 	C:\Windows\system32\ole32.dll
0x000007fefdae0000 - 0x000007fefdafa000 	C:\Windows\system32\DEVOBJ.dll
0x000007fefade0000 - 0x000007fefae23000 	C:\Program Files\NVIDIA Corporation\CoProcManager\nvdxgiwrapx.dll
0x0000000078fc0000 - 0x0000000079092000 	C:\Program Files\Java\jre8\bin\msvcr100.dll
0x0000000070070000 - 0x000000007089a000 	C:\Program Files\Java\jre8\bin\server\jvm.dll
0x000007fef9470000 - 0x000007fef9479000 	C:\Windows\system32\WSOCK32.dll
0x000007feff2a0000 - 0x000007feff2ed000 	C:\Windows\system32\WS2_32.dll
0x000007fefec70000 - 0x000007fefec78000 	C:\Windows\system32\NSI.dll
0x000007fefac40000 - 0x000007fefac7b000 	C:\Windows\system32\WINMM.dll
0x00000000779f0000 - 0x00000000779f7000 	C:\Windows\system32\PSAPI.DLL
0x000000006c230000 - 0x000000006c23f000 	C:\Program Files\Java\jre8\bin\verify.dll
0x000000006c1d0000 - 0x000000006c1f8000 	C:\Program Files\Java\jre8\bin\java.dll
0x0000000052a90000 - 0x0000000052ac5000 	C:\Program Files\Java\jre8\bin\jdwp.dll
0x000000006e690000 - 0x000000006e698000 	C:\Program Files\Java\jre8\bin\npt.dll
0x000000006c1b0000 - 0x000000006c1c6000 	C:\Program Files\Java\jre8\bin\zip.dll
0x000007fefddf0000 - 0x000007fefeb78000 	C:\Windows\system32\SHELL32.dll
0x000007fefd730000 - 0x000007fefd73f000 	C:\Windows\system32\profapi.dll
0x000000006c320000 - 0x000000006c329000 	C:\Program Files\Java\jre8\bin\dt_socket.dll
0x000007fefb930000 - 0x000007fefb945000 	C:\Windows\system32\NLAapi.dll
0x000007fefb4d0000 - 0x000007fefb4e5000 	C:\Windows\system32\napinsp.dll
0x000007fefb3f0000 - 0x000007fefb409000 	C:\Windows\system32\pnrpnsp.dll
0x000007fefcef0000 - 0x000007fefcf45000 	C:\Windows\System32\mswsock.dll
0x000007fefcd80000 - 0x000007fefcddb000 	C:\Windows\system32\DNSAPI.dll
0x000007fefb3e0000 - 0x000007fefb3eb000 	C:\Windows\System32\winrnr.dll
0x000007fefb3a0000 - 0x000007fefb3ce000 	C:\Program Files\Common Files\Microsoft Shared\Windows Live\WLIDNSP.DLL
0x0000000073600000 - 0x0000000073626000 	C:\Program Files\Bonjour\mdnsNSP.dll
0x000007fefb410000 - 0x000007fefb437000 	C:\Windows\system32\Iphlpapi.DLL
0x000007fefb3d0000 - 0x000007fefb3db000 	C:\Windows\system32\WINNSI.DLL
0x000007fefb390000 - 0x000007fefb3a0000 	C:\Windows\system32\wshbth.dll
0x0000000063560000 - 0x0000000063569000 	C:\Program Files\National Instruments\Shared\mDNS Responder\nimdnsNSP.dll
0x0000000063550000 - 0x000000006355e000 	C:\Windows\system32\nimdnsResponder.dll
0x0000000072520000 - 0x00000000725c3000 	C:\Windows\WinSxS\amd64_microsoft.vc90.crt_1fc8b3b9a1e18e3b_9.0.30729.6161_none_08e61857a83bc251\MSVCR90.dll
0x000007fefa240000 - 0x000007fefa293000 	C:\Windows\System32\fwpuclnt.dll
0x000007fefb380000 - 0x000007fefb388000 	C:\Windows\system32\rasadhlp.dll
0x000007fefc860000 - 0x000007fefc867000 	C:\Windows\System32\wshtcpip.dll
0x000007fef8bc0000 - 0x000007fef8ce5000 	C:\Windows\system32\dbghelp.dll

VM Arguments:
jvm_args: -agentlib:jdwp=transport=dt_socket,suspend=y,address=localhost:59313 -Dfile.encoding=Cp1252 
java_command: PascalDeclParser
java_class_path (initial): C:\Users\MU\workspace\PascalDeclParser\bin
Launcher Type: SUN_STANDARD

Environment Variables:
CLASSPATH=.;C:\Program Files (x86)\Java\jre6\lib\ext\QTJava.zip
PATH=C:\Program Files (x86)\iis express\PHP\v5.3;C:\Program Files\Common Files\Microsoft Shared\Microsoft Online Services;C:\Program Files (x86)\Common Files\Microsoft Shared\Microsoft Online Services;C:\Program Files (x86)\NVIDIA Corporation\PhysX\Common;C:\Program Files\Common Files\Microsoft Shared\Windows Live;C:\Program Files (x86)\Common Files\Microsoft Shared\Windows Live;C:\Windows\system32;C:\Windows;C:\Windows\System32\Wbem;C:\Windows\System32\WindowsPowerShell\v1.0\;C:\Program Files\Intel\WiFi\bin\;C:\Program Files\Common Files\Intel\WirelessCommon\;C:\Program Files (x86)\Windows Live\Shared;C:\Program Files (x86)\Common Files\Roxio Shared\DLLShared\;C:\Program Files (x86)\Common Files\Roxio Shared\OEM\DLLShared\;C:\Program Files (x86)\Common Files\Roxio Shared\OEM\12.0\DLLShared\;C:\Program Files (x86)\Roxio\OEM\AudioCore\;C:\Program Files (x86)\Microsoft Research KinectSDK\;c:\Program Files (x86)\Microsoft SQL Server\100\Tools\Binn\;c:\Pr;C:\Windows\System32\WindowsPowerShell\v1.0\;C:\Program Files (x86)\Windows Kits\8.1\Windows Performance Toolkit\;C:\Program Files\Microsoft SQL Server\110\Tools\Binn\;C:\Program Files (x86)\Microsoft SDKs\TypeScript\1.0\;C:\Windows\system32;C:\Windows;C:\Windows\System32\Wbem;C:\Windows\System32\WindowsPowerShell\v1.0\;C:\Program Files\Microsoft\Web Platform Installer\;C:\Program Files (x86)\Microsoft SQL Server\Client SDK\ODBC\110\Tools\Binn\;C:\Program Files (x86)\Microsoft SQL Server\120\Tools\Binn\;C:\Program Files (x86)\Microsoft SQL Server\120\DTS\Binn\;C:\Program Files (x86)\Microsoft SQL Server\120\Tools\Binn\ManagementStudio\;C:\Program Files (x86)\SSH Communications Security\SSH Secure Shell
USERNAME=MU
OS=Windows_NT
PROCESSOR_IDENTIFIER=Intel64 Family 6 Model 42 Stepping 7, GenuineIntel



---------------  S Y S T E M  ---------------

OS: Windows 7 , 64 bit Build 7601 Service Pack 1

CPU:total 4 (2 cores per cpu, 2 threads per core) family 6 model 42 stepping 7, cmov, cx8, fxsr, mmx, sse, sse2, sse3, ssse3, sse4.1, sse4.2, popcnt, avx, clmul, ht, tsc, tscinvbit

Memory: 4k page, physical 6203568k(1949600k free), swap 12405272k(6012700k free)

vm_info: Java HotSpot(TM) 64-Bit Server VM (25.11-b03) for windows-amd64 JRE (1.8.0_11-b12), built on Jun 16 2014 20:57:32 by "java_re" with MS VC++ 10.0 (VS2010)

time: Mon Sep 22 03:31:40 2014
elapsed time: 1454 seconds

